<?xml version="1.0" encoding="utf-8"?><testsuites name="pytest tests"><testsuite name="pytest" errors="0" failures="0" skipped="0" tests="10" time="2.048" timestamp="2026-04-22T17:18:43.926733+00:00" hostname="agent-env-2a97f94e-fb29-4a03-8660-0f3be2b6b4d9"><testcase classname="tests.test_iter6_easyship_storecredit" name="test_root" time="0.211" /><testcase classname="tests.test_iter6_easyship_storecredit" name="test_admin_login" time="0.152" /><testcase classname="tests.test_iter6_easyship_storecredit" name="test_admin_settings_easyship_not_shiptheory" time="0.153" /><testcase classname="tests.test_iter6_easyship_storecredit" name="test_easyship_key_persistence" time="0.508" /><testcase classname="tests.test_iter6_easyship_storecredit" name="test_connections_test_easyship" time="0.336" /><testcase classname="tests.test_iter6_easyship_storecredit" name="test_public_branding" time="0.108" /><testcase classname="tests.test_iter6_easyship_storecredit" name="test_existing_items_includes_store_credit_closed" time="0.135" /><testcase classname="tests.test_iter6_easyship_storecredit" name="test_mark_refunded_closes_return" time="0.136" /><testcase classname="tests.test_iter6_easyship_storecredit" name="test_store_credit_conflict_branch_exists" time="0.000" /><testcase classname="tests.test_iter6_easyship_storecredit" name="test_backend_healthy_again" time="0.140" /></testsuite></testsuites>