<?xml version="1.0" encoding="utf-8"?><testsuites name="pytest tests"><testsuite name="pytest" errors="0" failures="0" skipped="0" tests="27" time="3.391" timestamp="2026-04-27T04:36:00.230928+00:00" hostname="agent-env-590f584f-3022-492d-955b-dccccf78387f"><testcase classname="tests.test_iter6_bug_bundle.TestAuthAndPublic" name="test_login_returns_jwt" time="0.184" /><testcase classname="tests.test_iter6_bug_bundle.TestAuthAndPublic" name="test_login_invalid" time="0.105" /><testcase classname="tests.test_iter6_bug_bundle.TestAuthAndPublic" name="test_branding_has_store_credit_keys" time="0.163" /><testcase classname="tests.test_iter6_bug_bundle.TestAuthAndPublic" name="test_public_stats_shape" time="0.118" /><testcase classname="tests.test_iter6_bug_bundle.TestInternalNotes" name="test_requires_auth" time="0.110" /><testcase classname="tests.test_iter6_bug_bundle.TestInternalNotes" name="test_404_on_unknown_id" time="0.104" /><testcase classname="tests.test_iter6_bug_bundle.TestInternalNotes" name="test_400_on_empty_text" time="0.120" /><testcase classname="tests.test_iter6_bug_bundle.TestInternalNotes" name="test_appends_with_timestamp_and_persists" time="0.330" /><testcase classname="tests.test_iter6_bug_bundle.TestCreateReturnSchema" name="test_omitting_field_still_validates" time="0.104" /><testcase classname="tests.test_iter6_bug_bundle.TestCreateReturnSchema" name="test_self_ship_choice_validates" time="0.114" /><testcase classname="tests.test_iter6_bug_bundle.TestCreateReturnSchema" name="test_free_label_choice_validates" time="0.113" /><testcase classname="tests.test_iter6_bug_bundle.TestCreateReturnSchema" name="test_bad_choice_rejected" time="0.104" /><testcase classname="tests.test_iter6_bug_bundle.TestApproveFreeStoreCredit" name="test_stage1_free_label_does_not_issue_coupon" time="0.116" /><testcase classname="tests.test_iter6_bug_bundle.TestApproveFreeStoreCredit" name="test_stage1_self_ship_flips_to_awaiting_tracking_no_coupon" time="0.118" /><testcase classname="tests.test_iter6_bug_bundle.TestApproveFreeStoreCredit" name="test_stage2_issues_coupon_with_bonus" time="0.106" /><testcase classname="tests.test_iter6_bug_bundle.TestApproveFreeStoreCredit" name="test_stage2_with_label_deduction" time="0.111" /><testcase classname="tests.test_iter6_bug_bundle.TestCouponMath" name="test_formula[10.99-5.0-0.0-11.54]" time="0.001" /><testcase classname="tests.test_iter6_bug_bundle.TestCouponMath" name="test_formula[10.99-5.0-2.0-9.54]" time="0.000" /><testcase classname="tests.test_iter6_bug_bundle.TestCouponMath" name="test_formula[100.0-10.0-0.0-110.0]" time="0.000" /><testcase classname="tests.test_iter6_bug_bundle.TestCouponMath" name="test_formula[50.0-0.0-5.0-45.0]" time="0.000" /><testcase classname="tests.test_iter6_bug_bundle.TestRevokeStoreCredit" name="test_requires_auth" time="0.102" /><testcase classname="tests.test_iter6_bug_bundle.TestRevokeStoreCredit" name="test_404_unknown" time="0.115" /><testcase classname="tests.test_iter6_bug_bundle.TestRevokeStoreCredit" name="test_400_when_not_issued" time="0.130" /><testcase classname="tests.test_iter6_bug_bundle.TestRevokeStoreCredit" name="test_revoke_flips_status_no_email_failure_called" time="0.104" /><testcase classname="tests.test_iter6_bug_bundle.TestRevokeStoreCredit" name="test_revoke_idempotent" time="0.226" /><testcase classname="tests.test_iter6_bug_bundle.TestIssueStoreCreditDirect" name="test_math_persists_to_db" time="0.430" /><testcase classname="tests.test_iter6_bug_bundle.TestEmailServiceImport" name="test_helpers_present" time="0.001" /></testsuite></testsuites>